2019-04-15 02:08:02 +0000  Initial pipeline context: <IDEDistributionProcessingPipelineContext: 0x7f978d7751c0; archive(resolved)='<IDEArchive: 0x7f9792521cd0>', distributionTask(resolved)='2', distributionDestination(resolved)='2', distributionMethod(resolved)='<IDEDistributionMethodiOSAppStoreDistribution: 0x7f977b603620>', team(resolved)='<IDEProvisioningDisambiguatableBasicTeam: 0x7f97917d7b30; teamID='8R5TTWTF72', teamName='ALPHAR, INC.', teamType='Company', username='team@alphar.io', isFreeProvisioningTeam='0'>'>
	Chain (13, self inclusive):
	<IDEDistributionProcessingPipelineContext: 0x7f978d7751c0; archive = '<IDEArchive: 0x7f9792521cd0>', distributionMethod='<IDEDistributionMethodiOSAppStoreDistribution: 0x7f977b603620>', team='<IDEProvisioningDisambiguatableBasicTeam: 0x7f97917d7b30; teamID='8R5TTWTF72', teamName='ALPHAR, INC.', teamType='Company', username='team@alphar.io', isFreeProvisioningTeam='0'>'>
	<IDEDistributionProcessingPipelineContext: 0x7f97930d57e0; archive = '<IDEArchive: 0x7f9792521cd0>', distributionMethod='<IDEDistributionMethodiOSAppStoreDistribution: 0x7f977b603620>', team='<IDEProvisioningDisambiguatableBasicTeam: 0x7f97917d7b30; teamID='8R5TTWTF72', teamName='ALPHAR, INC.', teamType='Company', username='team@alphar.io', isFreeProvisioningTeam='0'>'>
	<IDEDistributionContext: 0x7f9795284550; archive = '<IDEArchive: 0x7f9792521cd0>', distributionMethod='<IDEDistributionMethodiOSAppStoreDistribution: 0x7f977b603620>', team='<IDEProvisioningDisambiguatableBasicTeam: 0x7f97917d7b30; teamID='8R5TTWTF72', teamName='ALPHAR, INC.', teamType='Company', username='team@alphar.io', isFreeProvisioningTeam='0'>'>
	<IDEDistributionContext: 0x7f977e2c7990; archive = '<IDEArchive: 0x7f9792521cd0>', distributionMethod='<IDEDistributionMethodiOSAppStoreDistribution: 0x7f977b603620>', team='<IDEProvisioningDisambiguatableBasicTeam: 0x7f97917d7b30; teamID='8R5TTWTF72', teamName='ALPHAR, INC.', teamType='Company', username='team@alphar.io', isFreeProvisioningTeam='0'>'>
	<IDEDistributionContext: 0x7f977c091780; archive = '<IDEArchive: 0x7f9792521cd0>', distributionMethod='<IDEDistributionMethodiOSAppStoreDistribution: 0x7f977b603620>', team='<IDEProvisioningDisambiguatableBasicTeam: 0x7f97917d7b30; teamID='8R5TTWTF72', teamName='ALPHAR, INC.', teamType='Company', username='team@alphar.io', isFreeProvisioningTeam='0'>'>
	<IDEDistributionContext: 0x7f97a63b9130; archive = '<IDEArchive: 0x7f9792521cd0>', distributionMethod='<IDEDistributionMethodiOSAppStoreDistribution: 0x7f977b603620>', team='<IDEProvisioningDisambiguatableBasicTeam: 0x7f97917d7b30; teamID='8R5TTWTF72', teamName='ALPHAR, INC.', teamType='Company', username='team@alphar.io', isFreeProvisioningTeam='0'>'>
	<IDEDistributionContext: 0x7f979b2a0920; archive = '<IDEArchive: 0x7f9792521cd0>', distributionMethod='<IDEDistributionMethodiOSAppStoreDistribution: 0x7f977b603620>', team='<IDEProvisioningDisambiguatableBasicTeam: 0x7f97917d7b30; teamID='8R5TTWTF72', teamName='ALPHAR, INC.', teamType='Company', username='team@alphar.io', isFreeProvisioningTeam='0'>'>
	<IDEDistributionContext: 0x7f97a0cb6610; archive = '<IDEArchive: 0x7f9792521cd0>', distributionMethod='<IDEDistributionMethodiOSAppStoreDistribution: 0x7f977b603620>', team='<IDEProvisioningDisambiguatableBasicTeam: 0x7f97917d7b30; teamID='8R5TTWTF72', teamName='ALPHAR, INC.', teamType='Company', username='team@alphar.io', isFreeProvisioningTeam='0'>'>
	<IDEDistributionContext: 0x7f9798581b60; archive = '<IDEArchive: 0x7f9792521cd0>', distributionMethod='<IDEDistributionMethodiOSAppStoreDistribution: 0x7f977b603620>', team='<IDEProvisioningDisambiguatableBasicTeam: 0x7f97917d7b30; teamID='8R5TTWTF72', teamName='ALPHAR, INC.', teamType='Company', username='team@alphar.io', isFreeProvisioningTeam='0'>'>
	<IDEDistributionContext: 0x7f977d135180; archive = '<IDEArchive: 0x7f9792521cd0>', distributionMethod='<IDEDistributionMethodiOSAppStoreDistribution: 0x7f977b603620>', team='<IDEProvisioningDisambiguatableBasicTeam: 0x7f97917d7b30; teamID='8R5TTWTF72', teamName='ALPHAR, INC.', teamType='Company', username='team@alphar.io', isFreeProvisioningTeam='0'>'>
	<IDEDistributionContext: 0x7f97981e6610; archive = '<IDEArchive: 0x7f9792521cd0>', distributionMethod='<IDEDistributionMethodiOSAppStoreDistribution: 0x7f977b603620>', team='(null)'>
	<IDEDistributionContext: 0x7f978db3a220; archive = '<IDEArchive: 0x7f9792521cd0>', distributionMethod='<IDEDistributionMethodiOSAppStoreDistribution: 0x7f977b603620>', team='(null)'>
	<IDEDistributionContext: 0x7f977c80e770; archive = '<IDEArchive: 0x7f9792521cd0>', distributionMethod='(null)', team='(null)'>
</IDEDistributionProcessingPipelineContext: 0x7f978d7751c0>
2019-04-15 02:08:02 +0000  Processing step: IDEDistributionCreateDestRootStep
2019-04-15 02:08:02 +0000  Processing step: IDEDistributionCopyItemStep
2019-04-15 02:08:02 +0000  Running /usr/bin/ditto '-V' '/Users/kiumingwong/Library/Developer/Xcode/Archives/2019-04-14/BirdGame 4-14-19, 9.52 PM.xcarchive/Products/Applications/BirdGame.app' '/var/folders/zc/1qg1n2s124j5lv77xkzhpmdr0000gn/T/XcodeDistPipeline.~~~aXs8Kh/Root/Payload/BirdGame.app'
2019-04-15 02:08:02 +0000  >>> Copying /Users/kiumingwong/Library/Developer/Xcode/Archives/2019-04-14/BirdGame 4-14-19, 9.52 PM.xcarchive/Products/Applications/BirdGame.app 
2019-04-15 02:08:02 +0000  
2019-04-15 02:08:02 +0000  copying file ./_CodeSignature/CodeResources ... 
2019-04-15 02:08:02 +0000  13378 bytes for ./_CodeSignature/CodeResources
2019-04-15 02:08:02 +0000  copying file ./BirdGame.momd/BirdGame.omo ... 
2019-04-15 02:08:02 +0000  696 bytes for ./BirdGame.momd/BirdGame.omo
2019-04-15 02:08:02 +0000  copying file ./BirdGame.momd/VersionInfo.plist ... 
2019-04-15 02:08:02 +0000  153 bytes for ./BirdGame.momd/VersionInfo.plist
2019-04-15 02:08:02 +0000  copying file ./BirdGame.momd/BirdGame.mom ... 
2019-04-15 02:08:02 +0000  513 bytes for ./BirdGame.momd/BirdGame.mom
2019-04-15 02:08:02 +0000  copying file ./MainMenuScene.sks ... 
2019-04-15 02:08:02 +0000  9846 bytes for ./MainMenuScene.sks
2019-04-15 02:08:02 +0000  copying file ./AppIcon60x60@2x.png ... 
2019-04-15 02:08:02 +0000  2522 bytes for ./AppIcon60x60@2x.png
copying file ./BirdGame ... 
2019-04-15 02:08:02 +0000  637584 bytes for ./BirdGame
2019-04-15 02:08:02 +0000  copying file ./Base.lproj/Main.storyboardc/8xi-r9-YVk-view-7s6-sc-FLT.nib ... 
2019-04-15 02:08:02 +0000  1117 bytes for ./Base.lproj/Main.storyboardc/8xi-r9-YVk-view-7s6-sc-FLT.nib
copying file ./Base.lproj/Main.storyboardc/GameViewController.nib ... 
2019-04-15 02:08:02 +0000  1835 bytes for ./Base.lproj/Main.storyboardc/GameViewController.nib
copying file ./Base.lproj/Main.storyboardc/Utz-ka-bf6-view-S4Q-Lu-YII.nib ... 
2019-04-15 02:08:02 +0000  7254 bytes for ./Base.lproj/Main.storyboardc/Utz-ka-bf6-view-S4Q-Lu-YII.nib
2019-04-15 02:08:02 +0000  copying file ./Base.lproj/Main.storyboardc/UITableViewController-6JI-Sl-or3.nib ... 
2019-04-15 02:08:02 +0000  1180 bytes for ./Base.lproj/Main.storyboardc/UITableViewController-6JI-Sl-or3.nib
2019-04-15 02:08:02 +0000  copying file ./Base.lproj/Main.storyboardc/UINavigationController-PFF-fI-Fzx.nib ... 
2019-04-15 02:08:02 +0000  2213 bytes for ./Base.lproj/Main.storyboardc/UINavigationController-PFF-fI-Fzx.nib
copying file ./Base.lproj/Main.storyboardc/6JI-Sl-or3-view-ITG-o3-G21.nib ... 
2019-04-15 02:08:02 +0000  8726 bytes for ./Base.lproj/Main.storyboardc/6JI-Sl-or3-view-ITG-o3-G21.nib
2019-04-15 02:08:02 +0000  copying file ./Base.lproj/Main.storyboardc/Info.plist ... 
2019-04-15 02:08:02 +0000  409 bytes for ./Base.lproj/Main.storyboardc/Info.plist
2019-04-15 02:08:02 +0000  copying file ./Base.lproj/LaunchScreen.storyboardc/01J-lp-oVM-view-Ze5-6b-2t3.nib ... 
2019-04-15 02:08:02 +0000  2607 bytes for ./Base.lproj/LaunchScreen.storyboardc/01J-lp-oVM-view-Ze5-6b-2t3.nib
copying file ./Base.lproj/LaunchScreen.storyboardc/UIViewController-01J-lp-oVM.nib ... 
2019-04-15 02:08:02 +0000  832 bytes for ./Base.lproj/LaunchScreen.storyboardc/UIViewController-01J-lp-oVM.nib
2019-04-15 02:08:02 +0000  copying file ./Base.lproj/LaunchScreen.storyboardc/Info.plist ... 
2019-04-15 02:08:02 +0000  258 bytes for ./Base.lproj/LaunchScreen.storyboardc/Info.plist
2019-04-15 02:08:02 +0000  copying file ./bird.atlasc/bird.1.png ... 
2019-04-15 02:08:02 +0000  23799 bytes for ./bird.atlasc/bird.1.png
2019-04-15 02:08:02 +0000  copying file ./bird.atlasc/bird.plist ... 
2019-04-15 02:08:02 +0000  895 bytes for ./bird.atlasc/bird.plist
2019-04-15 02:08:02 +0000  copying file ./Assets.car ... 
2019-04-15 02:08:02 +0000  63368 bytes for ./Assets.car
2019-04-15 02:08:02 +0000  copying file ./AppIcon76x76@2x~ipad.png ... 
2019-04-15 02:08:02 +0000  2981 bytes for ./AppIcon76x76@2x~ipad.png
2019-04-15 02:08:02 +0000  copying file ./GameScene.sks ... 
2019-04-15 02:08:02 +0000  4948 bytes for ./GameScene.sks
2019-04-15 02:08:02 +0000  copying file ./Frameworks/BLECore.framework/_CodeSignature/CodeResources ... 
2019-04-15 02:08:02 +0000  2157 bytes for ./Frameworks/BLECore.framework/_CodeSignature/CodeResources
2019-04-15 02:08:02 +0000  copying file ./Frameworks/BLECore.framework/en.lproj/Localizable.strings ... 
2019-04-15 02:08:02 +0000  1141 bytes for ./Frameworks/BLECore.framework/en.lproj/Localizable.strings
2019-04-15 02:08:02 +0000  copying file ./Frameworks/BLECore.framework/BLECore ... 
2019-04-15 02:08:02 +0000  1323168 bytes for ./Frameworks/BLECore.framework/BLECore
2019-04-15 02:08:02 +0000  copying file ./Frameworks/BLECore.framework/Info.plist ... 
2019-04-15 02:08:02 +0000  754 bytes for ./Frameworks/BLECore.framework/Info.plist
2019-04-15 02:08:02 +0000  copying file ./Frameworks/BoseWearable.framework/_CodeSignature/CodeResources ... 
2019-04-15 02:08:02 +0000  4334 bytes for ./Frameworks/BoseWearable.framework/_CodeSignature/CodeResources
2019-04-15 02:08:02 +0000  copying file ./Frameworks/BoseWearable.framework/en.lproj/Localizable.strings ... 
2019-04-15 02:08:02 +0000  1954 bytes for ./Frameworks/BoseWearable.framework/en.lproj/Localizable.strings
2019-04-15 02:08:02 +0000  copying file ./Frameworks/BoseWearable.framework/en.lproj/SearchUILocalizable.strings ... 
2019-04-15 02:08:02 +0000  153 bytes for ./Frameworks/BoseWearable.framework/en.lproj/SearchUILocalizable.strings
2019-04-15 02:08:02 +0000  copying file ./Frameworks/BoseWearable.framework/DeviceSearchUserInterfaceIOS.storyboardc/UIViewController-ird-5U-gur.nib ... 
2019-04-15 02:08:02 +0000  999 bytes for ./Frameworks/BoseWearable.framework/DeviceSearchUserInterfaceIOS.storyboardc/UIViewController-ird-5U-gur.nib
copying file ./Frameworks/BoseWearable.framework/DeviceSearchUserInterfaceIOS.storyboardc/ird-5U-gur-view-7NM-Ch-bDD.nib ... 
2019-04-15 02:08:02 +0000  14824 bytes for ./Frameworks/BoseWearable.framework/DeviceSearchUserInterfaceIOS.storyboardc/ird-5U-gur-view-7NM-Ch-bDD.nib
2019-04-15 02:08:02 +0000  copying file ./Frameworks/BoseWearable.framework/DeviceSearchUserInterfaceIOS.storyboardc/UIViewController-Tl8-dS-3HQ.nib ... 
2019-04-15 02:08:02 +0000  1727 bytes for ./Frameworks/BoseWearable.framework/DeviceSearchUserInterfaceIOS.storyboardc/UIViewController-Tl8-dS-3HQ.nib
2019-04-15 02:08:02 +0000  copying file ./Frameworks/BoseWearable.framework/DeviceSearchUserInterfaceIOS.storyboardc/Tl8-dS-3HQ-view-baU-Wp-dIU.nib ... 
2019-04-15 02:08:02 +0000  3656 bytes for ./Frameworks/BoseWearable.framework/DeviceSearchUserInterfaceIOS.storyboardc/Tl8-dS-3HQ-view-baU-Wp-dIU.nib
2019-04-15 02:08:02 +0000  copying file ./Frameworks/BoseWearable.framework/DeviceSearchUserInterfaceIOS.storyboardc/Info.plist ... 
2019-04-15 02:08:02 +0000  333 bytes for ./Frameworks/BoseWearable.framework/DeviceSearchUserInterfaceIOS.storyboardc/Info.plist
2019-04-15 02:08:02 +0000  copying file ./Frameworks/BoseWearable.framework/BoseWearable ... 
2019-04-15 02:08:02 +0000  3756448 bytes for ./Frameworks/BoseWearable.framework/BoseWearable
2019-04-15 02:08:02 +0000  copying file ./Frameworks/BoseWearable.framework/Assets.car ... 
2019-04-15 02:08:02 +0000  58248 bytes for ./Frameworks/BoseWearable.framework/Assets.car
copying file ./Frameworks/BoseWearable.framework/Info.plist ... 
2019-04-15 02:08:02 +0000  764 bytes for ./Frameworks/BoseWearable.framework/Info.plist
2019-04-15 02:08:02 +0000  copying file ./Frameworks/Logging.framework/_CodeSignature/CodeResources ... 
2019-04-15 02:08:02 +0000  1798 bytes for ./Frameworks/Logging.framework/_CodeSignature/CodeResources
2019-04-15 02:08:02 +0000  copying file ./Frameworks/Logging.framework/Logging ... 
2019-04-15 02:08:02 +0000  173536 bytes for ./Frameworks/Logging.framework/Logging
2019-04-15 02:08:02 +0000  copying file ./Frameworks/Logging.framework/Info.plist ... 
2019-04-15 02:08:02 +0000  754 bytes for ./Frameworks/Logging.framework/Info.plist
2019-04-15 02:08:02 +0000  copying file ./embedded.mobileprovision ... 
2019-04-15 02:08:02 +0000  7629 bytes for ./embedded.mobileprovision
2019-04-15 02:08:02 +0000  copying file ./Info.plist ... 
2019-04-15 02:08:02 +0000  1611 bytes for ./Info.plist
2019-04-15 02:08:02 +0000  copying file ./PkgInfo ... 
2019-04-15 02:08:02 +0000  8 bytes for ./PkgInfo
2019-04-15 02:08:02 +0000  /usr/bin/ditto exited with 0
2019-04-15 02:08:02 +0000  Processing step: IDEDistributionEmbedProfileStep
2019-04-15 02:08:02 +0000  Skipping profile for item: <IDEDistributionItem: 0x7f9791154940 'com.bose.ar.BLECore' '<DVTFilePath:0x7f97a0c1a230:'/Users/kiumingwong/Library/Developer/Xcode/Archives/2019-04-14/BirdGame 4-14-19, 9.52 PM.xcarchive/Products/Applications/BirdGame.app/Frameworks/BLECore.framework'>'>
2019-04-15 02:08:02 +0000  Skipping profile for item: <IDEDistributionItem: 0x7f979b39c3e0 'com.bose.ar.BoseWearable' '<DVTFilePath:0x7f9798aa2940:'/Users/kiumingwong/Library/Developer/Xcode/Archives/2019-04-14/BirdGame 4-14-19, 9.52 PM.xcarchive/Products/Applications/BirdGame.app/Frameworks/BoseWearable.framework'>'>
2019-04-15 02:08:02 +0000  Skipping profile for item: <IDEDistributionItem: 0x7f977c3e8af0 'com.bose.ar.Logging' '<DVTFilePath:0x7f9795eb5d10:'/Users/kiumingwong/Library/Developer/Xcode/Archives/2019-04-14/BirdGame 4-14-19, 9.52 PM.xcarchive/Products/Applications/BirdGame.app/Frameworks/Logging.framework'>'>
2019-04-15 02:08:02 +0000  Processing step: IDEDistributionItemRemovalStep
2019-04-15 02:08:02 +0000  Processing step: IDEDistributionAppThinningPlistStep
2019-04-15 02:08:02 +0000  Skipping step: IDEDistributionAppThinningPlistStep because it said so
2019-04-15 02:08:02 +0000  Processing step: IDEDistributionCompileBitcodeStep
2019-04-15 02:08:02 +0000  Skipping step: IDEDistributionCompileBitcodeStep because it said so
2019-04-15 02:08:02 +0000  Processing step: IDEDistributionCodeSlimmingStep
2019-04-15 02:08:02 +0000  Processing step: IDEDistributionCopyBCSymbolMapsStep
2019-04-15 02:08:02 +0000  The archive did not contain /Users/kiumingwong/Library/Developer/Xcode/Archives/2019-04-14/BirdGame 4-14-19, 9.52 PM.xcarchive/BCSymbolMaps/D3F913E9-C04D-391F-BBD2-8B5E62403942.bcsymbolmap as expected.
2019-04-15 02:08:02 +0000  The archive did not contain /Users/kiumingwong/Library/Developer/Xcode/Archives/2019-04-14/BirdGame 4-14-19, 9.52 PM.xcarchive/BCSymbolMaps/2E265196-0981-3B4B-BD5C-94D1E59CF2BC.bcsymbolmap as expected.
2019-04-15 02:08:02 +0000  The archive did not contain /Users/kiumingwong/Library/Developer/Xcode/Archives/2019-04-14/BirdGame 4-14-19, 9.52 PM.xcarchive/BCSymbolMaps/6A451412-A977-3452-844D-2CF0BA4AA3DD.bcsymbolmap as expected.
2019-04-15 02:08:02 +0000  Running /usr/bin/ditto '-V' '/Users/kiumingwong/Library/Developer/Xcode/Archives/2019-04-14/BirdGame 4-14-19, 9.52 PM.xcarchive/BCSymbolMaps/7C6B8588-E614-338C-95C5-FD006F36956B.bcsymbolmap' '/var/folders/zc/1qg1n2s124j5lv77xkzhpmdr0000gn/T/XcodeDistPipeline.~~~aXs8Kh/Root/BCSymbolMaps/7C6B8588-E614-338C-95C5-FD006F36956B.bcsymbolmap'
2019-04-15 02:08:02 +0000  >>> Copying /Users/kiumingwong/Library/Developer/Xcode/Archives/2019-04-14/BirdGame 4-14-19, 9.52 PM.xcarchive/BCSymbolMaps/7C6B8588-E614-338C-95C5-FD006F36956B.bcsymbolmap 
2019-04-15 02:08:02 +0000  copying file ./7C6B8588-E614-338C-95C5-FD006F36956B.bcsymbolmap ... 
2019-04-15 02:08:02 +0000  50928 bytes for ./7C6B8588-E614-338C-95C5-FD006F36956B.bcsymbolmap
2019-04-15 02:08:02 +0000  /usr/bin/ditto exited with 0
2019-04-15 02:08:02 +0000  Processing step: IDEDistributionSymbolsStep
2019-04-15 02:08:02 +0000  Excluding symbols for BLECore.framework
2019-04-15 02:08:02 +0000  Excluding symbols for BoseWearable.framework
2019-04-15 02:08:02 +0000  Excluding symbols for Logging.framework
2019-04-15 02:08:02 +0000  Excluding symbols for BirdGame.app
2019-04-15 02:08:02 +0000  Processing step: IDEDistributionCopyAppleProvidedContentStep
2019-04-15 02:08:02 +0000  Processing step: IDEDistributionAppThinningStep
2019-04-15 02:08:02 +0000  Skipping step: IDEDistributionAppThinningStep because it said so
2019-04-15 02:08:02 +0000  Processing step: IDEDistributionArchThinningStep
2019-04-15 02:08:02 +0000  Running /Applications/Xcode.app/Contents/Developer/Toolchains/XcodeDefault.xctoolchain/usr/bin/lipo '/var/folders/zc/1qg1n2s124j5lv77xkzhpmdr0000gn/T/XcodeDistPipeline.~~~aXs8Kh/Root/Payload/BirdGame.app/Frameworks/BLECore.framework/BLECore' '-verify_arch' 'arm64e'
2019-04-15 02:08:02 +0000  /Applications/Xcode.app/Contents/Developer/Toolchains/XcodeDefault.xctoolchain/usr/bin/lipo exited with 1
2019-04-15 02:08:02 +0000  Skipping architecture thinning for item "BLECore" because arch "arm64e" wasn't found
2019-04-15 02:08:02 +0000  Running /Applications/Xcode.app/Contents/Developer/Toolchains/XcodeDefault.xctoolchain/usr/bin/lipo '/var/folders/zc/1qg1n2s124j5lv77xkzhpmdr0000gn/T/XcodeDistPipeline.~~~aXs8Kh/Root/Payload/BirdGame.app/Frameworks/BoseWearable.framework/BoseWearable' '-verify_arch' 'arm64e'
2019-04-15 02:08:02 +0000  /Applications/Xcode.app/Contents/Developer/Toolchains/XcodeDefault.xctoolchain/usr/bin/lipo exited with 1
2019-04-15 02:08:02 +0000  Skipping architecture thinning for item "BoseWearable" because arch "arm64e" wasn't found
2019-04-15 02:08:02 +0000  Running /Applications/Xcode.app/Contents/Developer/Toolchains/XcodeDefault.xctoolchain/usr/bin/lipo '/var/folders/zc/1qg1n2s124j5lv77xkzhpmdr0000gn/T/XcodeDistPipeline.~~~aXs8Kh/Root/Payload/BirdGame.app/Frameworks/Logging.framework/Logging' '-verify_arch' 'arm64e'
2019-04-15 02:08:02 +0000  /Applications/Xcode.app/Contents/Developer/Toolchains/XcodeDefault.xctoolchain/usr/bin/lipo exited with 1
2019-04-15 02:08:02 +0000  Skipping architecture thinning for item "Logging" because arch "arm64e" wasn't found
2019-04-15 02:08:02 +0000  Running /Applications/Xcode.app/Contents/Developer/Toolchains/XcodeDefault.xctoolchain/usr/bin/lipo '/var/folders/zc/1qg1n2s124j5lv77xkzhpmdr0000gn/T/XcodeDistPipeline.~~~aXs8Kh/Root/Payload/BirdGame.app/BirdGame' '-verify_arch' 'arm64e'
2019-04-15 02:08:02 +0000  /Applications/Xcode.app/Contents/Developer/Toolchains/XcodeDefault.xctoolchain/usr/bin/lipo exited with 1
2019-04-15 02:08:02 +0000  Skipping architecture thinning for item "BirdGame" because arch "arm64e" wasn't found
2019-04-15 02:08:02 +0000  Processing step: IDEDistributionODRStep
2019-04-15 02:08:02 +0000  Processing step: IDEDistributionStripXattrsStep
2019-04-15 02:08:02 +0000  Skipping stripping extended attributes of item: <IDEDistributionItem: 0x7f9791154940 'com.bose.ar.BLECore' '<DVTFilePath:0x7f97a0c1a230:'/Users/kiumingwong/Library/Developer/Xcode/Archives/2019-04-14/BirdGame 4-14-19, 9.52 PM.xcarchive/Products/Applications/BirdGame.app/Frameworks/BLECore.framework'>'>
2019-04-15 02:08:02 +0000  Skipping stripping extended attributes of item: <IDEDistributionItem: 0x7f979b39c3e0 'com.bose.ar.BoseWearable' '<DVTFilePath:0x7f9798aa2940:'/Users/kiumingwong/Library/Developer/Xcode/Archives/2019-04-14/BirdGame 4-14-19, 9.52 PM.xcarchive/Products/Applications/BirdGame.app/Frameworks/BoseWearable.framework'>'>
2019-04-15 02:08:02 +0000  Skipping stripping extended attributes of item: <IDEDistributionItem: 0x7f977c3e8af0 'com.bose.ar.Logging' '<DVTFilePath:0x7f9795eb5d10:'/Users/kiumingwong/Library/Developer/Xcode/Archives/2019-04-14/BirdGame 4-14-19, 9.52 PM.xcarchive/Products/Applications/BirdGame.app/Frameworks/Logging.framework'>'>
2019-04-15 02:08:02 +0000  Running /usr/bin/xattr '-crs' '/var/folders/zc/1qg1n2s124j5lv77xkzhpmdr0000gn/T/XcodeDistPipeline.~~~aXs8Kh/Root/Payload/BirdGame.app'
2019-04-15 02:08:02 +0000  /usr/bin/xattr exited with 0
2019-04-15 02:08:02 +0000  Processing step: IDEDistributionCodesignStep
2019-04-15 02:08:02 +0000  Entitlements for <IDEDistributionItem: 0x7f9791154940 'com.bose.ar.BLECore' '<DVTFilePath:0x7f97a0c1a230:'/Users/kiumingwong/Library/Developer/Xcode/Archives/2019-04-14/BirdGame 4-14-19, 9.52 PM.xcarchive/Products/Applications/BirdGame.app/Frameworks/BLECore.framework'>'>: {
}
2019-04-15 02:08:02 +0000  Writing entitlements for <IDEDistributionItem: 0x7f9791154940 'com.bose.ar.BLECore' '<DVTFilePath:0x7f97a0c1a230:'/Users/kiumingwong/Library/Developer/Xcode/Archives/2019-04-14/BirdGame 4-14-19, 9.52 PM.xcarchive/Products/Applications/BirdGame.app/Frameworks/BLECore.framework'>'> to: /var/folders/zc/1qg1n2s124j5lv77xkzhpmdr0000gn/T/XcodeDistPipeline.~~~aXs8Kh/entitlements~~~C7JAy9
2019-04-15 02:08:02 +0000  Running /usr/bin/codesign '-vvv' '--force' '--sign' '74CC6F5F86F4E6346C006B5D7B9E174127C1F1EE' '--entitlements' '/var/folders/zc/1qg1n2s124j5lv77xkzhpmdr0000gn/T/XcodeDistPipeline.~~~aXs8Kh/entitlements~~~C7JAy9' '--preserve-metadata=identifier,flags,runtime' '/var/folders/zc/1qg1n2s124j5lv77xkzhpmdr0000gn/T/XcodeDistPipeline.~~~aXs8Kh/Root/Payload/BirdGame.app/Frameworks/BLECore.framework'
2019-04-15 02:08:03 +0000  /var/folders/zc/1qg1n2s124j5lv77xkzhpmdr0000gn/T/XcodeDistPipeline.~~~aXs8Kh/Root/Payload/BirdGame.app/Frameworks/BLECore.framework: signed bundle with Mach-O universal (arm64) [com.bose.ar.BLECore]
2019-04-15 02:08:03 +0000  /usr/bin/codesign exited with 0
2019-04-15 02:08:03 +0000  Entitlements for <IDEDistributionItem: 0x7f979b39c3e0 'com.bose.ar.BoseWearable' '<DVTFilePath:0x7f9798aa2940:'/Users/kiumingwong/Library/Developer/Xcode/Archives/2019-04-14/BirdGame 4-14-19, 9.52 PM.xcarchive/Products/Applications/BirdGame.app/Frameworks/BoseWearable.framework'>'>: {
}
2019-04-15 02:08:03 +0000  Writing entitlements for <IDEDistributionItem: 0x7f979b39c3e0 'com.bose.ar.BoseWearable' '<DVTFilePath:0x7f9798aa2940:'/Users/kiumingwong/Library/Developer/Xcode/Archives/2019-04-14/BirdGame 4-14-19, 9.52 PM.xcarchive/Products/Applications/BirdGame.app/Frameworks/BoseWearable.framework'>'> to: /var/folders/zc/1qg1n2s124j5lv77xkzhpmdr0000gn/T/XcodeDistPipeline.~~~aXs8Kh/entitlements~~~1UeyI2
2019-04-15 02:08:03 +0000  Running /usr/bin/codesign '-vvv' '--force' '--sign' '74CC6F5F86F4E6346C006B5D7B9E174127C1F1EE' '--entitlements' '/var/folders/zc/1qg1n2s124j5lv77xkzhpmdr0000gn/T/XcodeDistPipeline.~~~aXs8Kh/entitlements~~~1UeyI2' '--preserve-metadata=identifier,flags,runtime' '/var/folders/zc/1qg1n2s124j5lv77xkzhpmdr0000gn/T/XcodeDistPipeline.~~~aXs8Kh/Root/Payload/BirdGame.app/Frameworks/BoseWearable.framework'
2019-04-15 02:08:03 +0000  /var/folders/zc/1qg1n2s124j5lv77xkzhpmdr0000gn/T/XcodeDistPipeline.~~~aXs8Kh/Root/Payload/BirdGame.app/Frameworks/BoseWearable.framework: signed bundle with Mach-O universal (arm64) [com.bose.ar.BoseWearable]
2019-04-15 02:08:03 +0000  /usr/bin/codesign exited with 0
2019-04-15 02:08:03 +0000  Entitlements for <IDEDistributionItem: 0x7f977c3e8af0 'com.bose.ar.Logging' '<DVTFilePath:0x7f9795eb5d10:'/Users/kiumingwong/Library/Developer/Xcode/Archives/2019-04-14/BirdGame 4-14-19, 9.52 PM.xcarchive/Products/Applications/BirdGame.app/Frameworks/Logging.framework'>'>: {
}
2019-04-15 02:08:03 +0000  Writing entitlements for <IDEDistributionItem: 0x7f977c3e8af0 'com.bose.ar.Logging' '<DVTFilePath:0x7f9795eb5d10:'/Users/kiumingwong/Library/Developer/Xcode/Archives/2019-04-14/BirdGame 4-14-19, 9.52 PM.xcarchive/Products/Applications/BirdGame.app/Frameworks/Logging.framework'>'> to: /var/folders/zc/1qg1n2s124j5lv77xkzhpmdr0000gn/T/XcodeDistPipeline.~~~aXs8Kh/entitlements~~~rMt9Sz
2019-04-15 02:08:03 +0000  Running /usr/bin/codesign '-vvv' '--force' '--sign' '74CC6F5F86F4E6346C006B5D7B9E174127C1F1EE' '--entitlements' '/var/folders/zc/1qg1n2s124j5lv77xkzhpmdr0000gn/T/XcodeDistPipeline.~~~aXs8Kh/entitlements~~~rMt9Sz' '--preserve-metadata=identifier,flags,runtime' '/var/folders/zc/1qg1n2s124j5lv77xkzhpmdr0000gn/T/XcodeDistPipeline.~~~aXs8Kh/Root/Payload/BirdGame.app/Frameworks/Logging.framework'
2019-04-15 02:08:03 +0000  /var/folders/zc/1qg1n2s124j5lv77xkzhpmdr0000gn/T/XcodeDistPipeline.~~~aXs8Kh/Root/Payload/BirdGame.app/Frameworks/Logging.framework: signed bundle with Mach-O universal (arm64) [com.bose.ar.Logging]
2019-04-15 02:08:03 +0000  /usr/bin/codesign exited with 0
2019-04-15 02:08:03 +0000  Entitlements for <IDEDistributionItem: 0x7f978d9db770 'AlphaR.BirdHunt.BoseAR' '<DVTFilePath:0x7f97958bcb30:'/Users/kiumingwong/Library/Developer/Xcode/Archives/2019-04-14/BirdGame 4-14-19, 9.52 PM.xcarchive/Products/Applications/BirdGame.app'>'>: {
    "application-identifier" = "8R5TTWTF72.AlphaR.BirdHunt.BoseAR";
    "beta-reports-active" = 1;
    "com.apple.developer.team-identifier" = 8R5TTWTF72;
    "get-task-allow" = 0;
    "keychain-access-groups" =     (
        "8R5TTWTF72.AlphaR.BirdHunt.BoseAR"
    );
}
2019-04-15 02:08:03 +0000  Writing entitlements for <IDEDistributionItem: 0x7f978d9db770 'AlphaR.BirdHunt.BoseAR' '<DVTFilePath:0x7f97958bcb30:'/Users/kiumingwong/Library/Developer/Xcode/Archives/2019-04-14/BirdGame 4-14-19, 9.52 PM.xcarchive/Products/Applications/BirdGame.app'>'> to: /var/folders/zc/1qg1n2s124j5lv77xkzhpmdr0000gn/T/XcodeDistPipeline.~~~aXs8Kh/entitlements~~~vmz34L
2019-04-15 02:08:03 +0000  Running /usr/bin/codesign '-vvv' '--force' '--sign' '74CC6F5F86F4E6346C006B5D7B9E174127C1F1EE' '--entitlements' '/var/folders/zc/1qg1n2s124j5lv77xkzhpmdr0000gn/T/XcodeDistPipeline.~~~aXs8Kh/entitlements~~~vmz34L' '--preserve-metadata=identifier,flags,runtime' '/var/folders/zc/1qg1n2s124j5lv77xkzhpmdr0000gn/T/XcodeDistPipeline.~~~aXs8Kh/Root/Payload/BirdGame.app'
2019-04-15 02:08:03 +0000  /var/folders/zc/1qg1n2s124j5lv77xkzhpmdr0000gn/T/XcodeDistPipeline.~~~aXs8Kh/Root/Payload/BirdGame.app: signed app bundle with Mach-O thin (arm64) [AlphaR.BirdHunt.BoseAR]
2019-04-15 02:08:03 +0000  /usr/bin/codesign exited with 0
2019-04-15 02:08:03 +0000  Processing step: IDEDistributionZipODRItemStep
2019-04-15 02:08:03 +0000  Skipping step: IDEDistributionZipODRItemStep because it said so
2019-04-15 02:08:03 +0000  Skipping step: IDEDistributionZipODRItemStep because it said so
2019-04-15 02:08:03 +0000  Skipping step: IDEDistributionZipODRItemStep because it said so
2019-04-15 02:08:03 +0000  Skipping step: IDEDistributionZipODRItemStep because it said so
2019-04-15 02:08:03 +0000  Processing step: IDEDistributionCreateIPAStep
2019-04-15 02:08:03 +0000  Running /usr/bin/ditto '-V' '-c' '-k' '--norsrc' '/var/folders/zc/1qg1n2s124j5lv77xkzhpmdr0000gn/T/XcodeDistPipeline.~~~aXs8Kh/Root' '/var/folders/zc/1qg1n2s124j5lv77xkzhpmdr0000gn/T/XcodeDistPipeline.~~~aXs8Kh/Packages/BirdGame.ipa'
2019-04-15 02:08:03 +0000  >>> Copying /var/folders/zc/1qg1n2s124j5lv77xkzhpmdr0000gn/T/XcodeDistPipeline.~~~aXs8Kh/Root 
2019-04-15 02:08:03 +0000  copying file ./BCSymbolMaps/7C6B8588-E614-338C-95C5-FD006F36956B.bcsymbolmap ... 
2019-04-15 02:08:03 +0000  50928 bytes for ./BCSymbolMaps/7C6B8588-E614-338C-95C5-FD006F36956B.bcsymbolmap
2019-04-15 02:08:03 +0000  copying file ./Payload/BirdGame.app/_CodeSignature/CodeResources ... 
2019-04-15 02:08:03 +0000  13378 bytes for ./Payload/BirdGame.app/_CodeSignature/CodeResources
2019-04-15 02:08:03 +0000  copying file ./Payload/BirdGame.app/BirdGame.momd/BirdGame.omo ... 
2019-04-15 02:08:03 +0000  696 bytes for ./Payload/BirdGame.app/BirdGame.momd/BirdGame.omo
copying file ./Payload/BirdGame.app/BirdGame.momd/VersionInfo.plist ... 
2019-04-15 02:08:03 +0000  153 bytes for ./Payload/BirdGame.app/BirdGame.momd/VersionInfo.plist
copying file ./Payload/BirdGame.app/BirdGame.momd/BirdGame.mom ... 
2019-04-15 02:08:03 +0000  513 bytes for ./Payload/BirdGame.app/BirdGame.momd/BirdGame.mom
copying file ./Payload/BirdGame.app/MainMenuScene.sks ... 
2019-04-15 02:08:03 +0000  9846 bytes for ./Payload/BirdGame.app/MainMenuScene.sks
copying file ./Payload/BirdGame.app/AppIcon60x60@2x.png ... 
2019-04-15 02:08:03 +0000  2522 bytes for ./Payload/BirdGame.app/AppIcon60x60@2x.png
copying file ./Payload/BirdGame.app/BirdGame ... 
2019-04-15 02:08:03 +0000  540608 bytes for ./Payload/BirdGame.app/BirdGame
2019-04-15 02:08:03 +0000  copying file ./Payload/BirdGame.app/Base.lproj/Main.storyboardc/8xi-r9-YVk-view-7s6-sc-FLT.nib ... 
1117 bytes for ./Payload/BirdGame.app/Base.lproj/Main.storyboardc/8xi-r9-YVk-view-7s6-sc-FLT.nib
copying file ./Payload/BirdGame.app/Base.lproj/Main.storyboardc/GameViewController.nib ... 
2019-04-15 02:08:03 +0000  1835 bytes for ./Payload/BirdGame.app/Base.lproj/Main.storyboardc/GameViewController.nib
2019-04-15 02:08:03 +0000  copying file ./Payload/BirdGame.app/Base.lproj/Main.storyboardc/Utz-ka-bf6-view-S4Q-Lu-YII.nib ... 
2019-04-15 02:08:03 +0000  7254 bytes for ./Payload/BirdGame.app/Base.lproj/Main.storyboardc/Utz-ka-bf6-view-S4Q-Lu-YII.nib
copying file ./Payload/BirdGame.app/Base.lproj/Main.storyboardc/UITableViewController-6JI-Sl-or3.nib ... 
2019-04-15 02:08:03 +0000  1180 bytes for ./Payload/BirdGame.app/Base.lproj/Main.storyboardc/UITableViewController-6JI-Sl-or3.nib
copying file ./Payload/BirdGame.app/Base.lproj/Main.storyboardc/UINavigationController-PFF-fI-Fzx.nib ... 
2019-04-15 02:08:03 +0000  2213 bytes for ./Payload/BirdGame.app/Base.lproj/Main.storyboardc/UINavigationController-PFF-fI-Fzx.nib
copying file ./Payload/BirdGame.app/Base.lproj/Main.storyboardc/6JI-Sl-or3-view-ITG-o3-G21.nib ... 
2019-04-15 02:08:03 +0000  8726 bytes for ./Payload/BirdGame.app/Base.lproj/Main.storyboardc/6JI-Sl-or3-view-ITG-o3-G21.nib
copying file ./Payload/BirdGame.app/Base.lproj/Main.storyboardc/Info.plist ... 
2019-04-15 02:08:03 +0000  409 bytes for ./Payload/BirdGame.app/Base.lproj/Main.storyboardc/Info.plist
2019-04-15 02:08:03 +0000  copying file ./Payload/BirdGame.app/Base.lproj/LaunchScreen.storyboardc/01J-lp-oVM-view-Ze5-6b-2t3.nib ... 
2019-04-15 02:08:03 +0000  2607 bytes for ./Payload/BirdGame.app/Base.lproj/LaunchScreen.storyboardc/01J-lp-oVM-view-Ze5-6b-2t3.nib
2019-04-15 02:08:03 +0000  copying file ./Payload/BirdGame.app/Base.lproj/LaunchScreen.storyboardc/UIViewController-01J-lp-oVM.nib ... 
2019-04-15 02:08:03 +0000  832 bytes for ./Payload/BirdGame.app/Base.lproj/LaunchScreen.storyboardc/UIViewController-01J-lp-oVM.nib
copying file ./Payload/BirdGame.app/Base.lproj/LaunchScreen.storyboardc/Info.plist ... 
2019-04-15 02:08:03 +0000  258 bytes for ./Payload/BirdGame.app/Base.lproj/LaunchScreen.storyboardc/Info.plist
2019-04-15 02:08:03 +0000  copying file ./Payload/BirdGame.app/bird.atlasc/bird.1.png ... 
2019-04-15 02:08:03 +0000  23799 bytes for ./Payload/BirdGame.app/bird.atlasc/bird.1.png
copying file ./Payload/BirdGame.app/bird.atlasc/bird.plist ... 
2019-04-15 02:08:03 +0000  895 bytes for ./Payload/BirdGame.app/bird.atlasc/bird.plist
2019-04-15 02:08:03 +0000  copying file ./Payload/BirdGame.app/Assets.car ... 
2019-04-15 02:08:03 +0000  63368 bytes for ./Payload/BirdGame.app/Assets.car
copying file ./Payload/BirdGame.app/AppIcon76x76@2x~ipad.png ... 
2019-04-15 02:08:03 +0000  2981 bytes for ./Payload/BirdGame.app/AppIcon76x76@2x~ipad.png
copying file ./Payload/BirdGame.app/GameScene.sks ... 
2019-04-15 02:08:03 +0000  4948 bytes for ./Payload/BirdGame.app/GameScene.sks
2019-04-15 02:08:03 +0000  copying file ./Payload/BirdGame.app/Frameworks/BLECore.framework/_CodeSignature/CodeResources ... 
2019-04-15 02:08:03 +0000  2157 bytes for ./Payload/BirdGame.app/Frameworks/BLECore.framework/_CodeSignature/CodeResources
2019-04-15 02:08:03 +0000  copying file ./Payload/BirdGame.app/Frameworks/BLECore.framework/en.lproj/Localizable.strings ... 
1141 bytes for ./Payload/BirdGame.app/Frameworks/BLECore.framework/en.lproj/Localizable.strings
2019-04-15 02:08:03 +0000  copying file ./Payload/BirdGame.app/Frameworks/BLECore.framework/BLECore ... 
2019-04-15 02:08:03 +0000  921872 bytes for ./Payload/BirdGame.app/Frameworks/BLECore.framework/BLECore
copying file ./Payload/BirdGame.app/Frameworks/BLECore.framework/Info.plist ... 
2019-04-15 02:08:03 +0000  754 bytes for ./Payload/BirdGame.app/Frameworks/BLECore.framework/Info.plist
2019-04-15 02:08:03 +0000  copying file ./Payload/BirdGame.app/Frameworks/BoseWearable.framework/_CodeSignature/CodeResources ... 
2019-04-15 02:08:03 +0000  4334 bytes for ./Payload/BirdGame.app/Frameworks/BoseWearable.framework/_CodeSignature/CodeResources
2019-04-15 02:08:03 +0000  copying file ./Payload/BirdGame.app/Frameworks/BoseWearable.framework/en.lproj/Localizable.strings ... 
2019-04-15 02:08:03 +0000  1954 bytes for ./Payload/BirdGame.app/Frameworks/BoseWearable.framework/en.lproj/Localizable.strings
copying file ./Payload/BirdGame.app/Frameworks/BoseWearable.framework/en.lproj/SearchUILocalizable.strings ... 
2019-04-15 02:08:03 +0000  153 bytes for ./Payload/BirdGame.app/Frameworks/BoseWearable.framework/en.lproj/SearchUILocalizable.strings
2019-04-15 02:08:03 +0000  copying file ./Payload/BirdGame.app/Frameworks/BoseWearable.framework/DeviceSearchUserInterfaceIOS.storyboardc/UIViewController-ird-5U-gur.nib ... 
2019-04-15 02:08:03 +0000  999 bytes for ./Payload/BirdGame.app/Frameworks/BoseWearable.framework/DeviceSearchUserInterfaceIOS.storyboardc/UIViewController-ird-5U-gur.nib
copying file ./Payload/BirdGame.app/Frameworks/BoseWearable.framework/DeviceSearchUserInterfaceIOS.storyboardc/ird-5U-gur-view-7NM-Ch-bDD.nib ... 
2019-04-15 02:08:03 +0000  14824 bytes for ./Payload/BirdGame.app/Frameworks/BoseWearable.framework/DeviceSearchUserInterfaceIOS.storyboardc/ird-5U-gur-view-7NM-Ch-bDD.nib
copying file ./Payload/BirdGame.app/Frameworks/BoseWearable.framework/DeviceSearchUserInterfaceIOS.storyboardc/UIViewController-Tl8-dS-3HQ.nib ... 
2019-04-15 02:08:03 +0000  1727 bytes for ./Payload/BirdGame.app/Frameworks/BoseWearable.framework/DeviceSearchUserInterfaceIOS.storyboardc/UIViewController-Tl8-dS-3HQ.nib
2019-04-15 02:08:03 +0000  copying file ./Payload/BirdGame.app/Frameworks/BoseWearable.framework/DeviceSearchUserInterfaceIOS.storyboardc/Tl8-dS-3HQ-view-baU-Wp-dIU.nib ... 
2019-04-15 02:08:03 +0000  3656 bytes for ./Payload/BirdGame.app/Frameworks/BoseWearable.framework/DeviceSearchUserInterfaceIOS.storyboardc/Tl8-dS-3HQ-view-baU-Wp-dIU.nib
copying file ./Payload/BirdGame.app/Frameworks/BoseWearable.framework/DeviceSearchUserInterfaceIOS.storyboardc/Info.plist ... 
2019-04-15 02:08:03 +0000  333 bytes for ./Payload/BirdGame.app/Frameworks/BoseWearable.framework/DeviceSearchUserInterfaceIOS.storyboardc/Info.plist
copying file ./Payload/BirdGame.app/Frameworks/BoseWearable.framework/BoseWearable ... 
2019-04-15 02:08:03 +0000  2603680 bytes for ./Payload/BirdGame.app/Frameworks/BoseWearable.framework/BoseWearable
copying file ./Payload/BirdGame.app/Frameworks/BoseWearable.framework/Assets.car ... 
2019-04-15 02:08:03 +0000  58248 bytes for ./Payload/BirdGame.app/Frameworks/BoseWearable.framework/Assets.car
2019-04-15 02:08:03 +0000  copying file ./Payload/BirdGame.app/Frameworks/BoseWearable.framework/Info.plist ... 
2019-04-15 02:08:03 +0000  764 bytes for ./Payload/BirdGame.app/Frameworks/BoseWearable.framework/Info.plist
2019-04-15 02:08:03 +0000  copying file ./Payload/BirdGame.app/Frameworks/Logging.framework/_CodeSignature/CodeResources ... 
2019-04-15 02:08:03 +0000  1798 bytes for ./Payload/BirdGame.app/Frameworks/Logging.framework/_CodeSignature/CodeResources
copying file ./Payload/BirdGame.app/Frameworks/Logging.framework/Logging ... 
2019-04-15 02:08:03 +0000  127968 bytes for ./Payload/BirdGame.app/Frameworks/Logging.framework/Logging
copying file ./Payload/BirdGame.app/Frameworks/Logging.framework/Info.plist ... 
2019-04-15 02:08:03 +0000  754 bytes for ./Payload/BirdGame.app/Frameworks/Logging.framework/Info.plist
2019-04-15 02:08:03 +0000  copying file ./Payload/BirdGame.app/embedded.mobileprovision ... 
2019-04-15 02:08:03 +0000  7577 bytes for ./Payload/BirdGame.app/embedded.mobileprovision
copying file ./Payload/BirdGame.app/Info.plist ... 
2019-04-15 02:08:03 +0000  1611 bytes for ./Payload/BirdGame.app/Info.plist
2019-04-15 02:08:03 +0000  copying file ./Payload/BirdGame.app/PkgInfo ... 
8 bytes for ./Payload/BirdGame.app/PkgInfo
2019-04-15 02:08:03 +0000  /usr/bin/ditto exited with 0
2019-04-15 02:08:03 +0000  Processing step: IDEDistributionAppStoreInformationStep
2019-04-15 02:08:03 +0000  Skipping step: IDEDistributionAppStoreInformationStep because it said so
2019-04-15 02:08:03 +0000  Processing step: IDEDistributionCreateManifestStep
2019-04-15 02:08:03 +0000  Skipping step: IDEDistributionCreateManifestStep because it said so
